\BOOKMARK [1][-]{section.1}{\376\377\000L\000e\000c\000t\000u\000r\000e\000\040\0001\000\040\000\050\0001\000/\0000\0007\000\051\000\040\000b\000y\000\040\000D\000e\000e\000w\000a\000n\000g}{}% 1
\BOOKMARK [2][-]{subsection.1.1}{\376\377\000P\000r\000o\000b\000l\000e\000m\000s}{section.1}% 2
\BOOKMARK [1][-]{section.2}{\376\377\000L\000e\000c\000t\000u\000r\000e\000\040\0002\000\040\000\050\0001\000/\0001\0004\000\051\000\040\000b\000y\000\040\000V\000a\000i\000b\000h\000a\000v}{}% 3
\BOOKMARK [2][-]{subsection.2.1}{\376\377\000P\000r\000o\000b\000l\000e\000m\000s}{section.2}% 4
\BOOKMARK [1][-]{section.3}{\376\377\000L\000e\000c\000t\000u\000r\000e\000\040\0003\000\040\000\050\0001\000/\0002\0001\000\051\000\040\000b\000y\000\040\000D\000e\000e\000w\000a\000n\000g}{}% 5
\BOOKMARK [2][-]{subsection.3.1}{\376\377\000P\000r\000o\000b\000l\000e\000m\000s}{section.3}% 6
\BOOKMARK [1][-]{section.4}{\376\377\000L\000e\000c\000t\000u\000r\000e\000\040\0004\000\040\000\050\0001\000/\0002\0008\000\051\000\040\000b\000y\000\040\000V\000a\000i\000b\000h\000a\000v}{}% 7
\BOOKMARK [2][-]{subsection.4.1}{\376\377\000P\000r\000o\000b\000l\000e\000m\000s}{section.4}% 8
\BOOKMARK [1][-]{section.5}{\376\377\000L\000e\000c\000t\000u\000r\000e\000\040\0005\000\040\000\050\0002\000/\0000\0004\000\051\000\040\000b\000y\000\040\000D\000a\000v\000i\000d}{}% 9
\BOOKMARK [2][-]{subsection.5.1}{\376\377\000P\000r\000o\000b\000l\000e\000m\000s}{section.5}% 10
\BOOKMARK [1][-]{section.6}{\376\377\000L\000e\000c\000t\000u\000r\000e\000\040\0006\000\040\000\050\0002\000/\0001\0001\000\051\000\040\000b\000y\000\040\000D\000a\000v\000i\000d}{}% 11
\BOOKMARK [2][-]{subsection.6.1}{\376\377\000P\000r\000o\000b\000l\000e\000m\000s}{section.6}% 12
\BOOKMARK [1][-]{section.7}{\376\377\000L\000e\000c\000t\000u\000r\000e\000\040\0007\000\040\000\050\0002\000/\0001\0008\000\051\000\040\000b\000y\000\040\000V\000a\000i\000b\000h\000a\000v}{}% 13
\BOOKMARK [2][-]{subsection.7.1}{\376\377\000P\000r\000o\000b\000l\000e\000m\000s}{section.7}% 14
\BOOKMARK [1][-]{section.8}{\376\377\000L\000e\000c\000t\000u\000r\000e\000\040\0008\000\040\000\050\0002\000/\0002\0005\000\051\000\040\000b\000y\000\040\000D\000e\000e\000w\000a\000n\000g}{}% 15
\BOOKMARK [2][-]{subsection.8.1}{\376\377\000P\000r\000o\000b\000l\000e\000m\000s}{section.8}% 16
\BOOKMARK [1][-]{section.9}{\376\377\000L\000e\000c\000t\000u\000r\000e\000\040\0009\000\040\000\050\0003\000/\0000\0004\000\051\000\040\000b\000y\000\040\000D\000e\000e\000w\000a\000n\000g}{}% 17
\BOOKMARK [2][-]{subsection.9.1}{\376\377\000P\000r\000o\000b\000l\000e\000m\000s}{section.9}% 18
\BOOKMARK [1][-]{appendix.A}{\376\377\000\050\000S\000t\000r\000i\000c\000t\000\051\000\040\0002\000-\000c\000a\000t\000e\000g\000o\000r\000i\000e\000s}{}% 19
\BOOKMARK [2][-]{subsection.A.1}{\376\377\000P\000r\000o\000b\000l\000e\000m\000s}{appendix.A}% 20
\BOOKMARK [1][-]{appendix.B}{\376\377\000G\000r\000o\000u\000p\000\040\000O\000b\000j\000e\000c\000t\000s}{}% 21
\BOOKMARK [2][-]{subsection.B.1}{\376\377\000P\000r\000o\000b\000l\000e\000m\000s}{appendix.B}% 22
\BOOKMARK [1][-]{appendix.C}{\376\377\000A\000b\000e\000l\000i\000a\000n\000\040\000C\000a\000t\000e\000g\000o\000r\000i\000e\000s}{}% 23
\BOOKMARK [2][-]{subsection.C.1}{\376\377\000P\000r\000o\000b\000l\000e\000m\000s}{appendix.C}% 24
